\BOOKMARK [0][-]{chapter.5}{\376\377\000I\000n\000t\000r\000o\000d\000u\000c\000t\000i\000o\000n\000\040\000a\000n\000d\000\040\000T\000h\000e\000o\000r\000y\000\040\000O\000v\000e\000r\000v\000i\000e\000w}{}% 1
\BOOKMARK [1][-]{section.6}{\376\377\000I\000n\000t\000r\000o\000d\000u\000c\000t\000i\000o\000n}{chapter.5}% 2
\BOOKMARK [1][-]{section.7}{\376\377\000T\000h\000e\000o\000r\000y}{chapter.5}% 3
\BOOKMARK [2][-]{subsection.8}{\376\377\000W\000r\000a\000p\000e\000d\000\040\000E\000x\000t\000r\000a\000\040\000D\000i\000m\000e\000n\000s\000i\000o\000n}{section.7}% 4
\BOOKMARK [2][-]{subsection.9}{\376\377\000M\000o\000t\000i\000v\000a\000t\000i\000o\000n}{section.7}% 5
\BOOKMARK [0][-]{chapter.10}{\376\377\000C\000o\000l\000l\000i\000d\000e\000r\000\040\000a\000n\000d\000\040\000D\000e\000t\000e\000c\000t\000o\000r}{}% 6
\BOOKMARK [1][-]{section.11}{\376\377\000L\000a\000r\000g\000e\000\040\000H\000a\000d\000r\000o\000n\000\040\000C\000o\000l\000l\000i\000d\000e\000r}{chapter.10}% 7
\BOOKMARK [1][-]{section.12}{\376\377\000T\000h\000e\000\040\000C\000o\000m\000p\000a\000c\000t\000\040\000M\000u\000o\000n\000\040\000S\000o\000l\000e\000n\000o\000i\000d\000\040\000D\000e\000t\000e\000c\000t\000o\000r}{chapter.10}% 8
\BOOKMARK [2][-]{subsection.13}{\376\377\000D\000e\000t\000e\000c\000t\000o\000r\000\040\000K\000i\000n\000e\000m\000a\000t\000i\000c\000s}{section.12}% 9
\BOOKMARK [2][-]{subsection.16}{\376\377\000M\000a\000g\000n\000e\000t\000\040\000S\000y\000s\000t\000e\000m}{section.12}% 10
\BOOKMARK [2][-]{subsection.17}{\376\377\000T\000r\000a\000c\000k\000e\000r\000\040\000D\000e\000t\000e\000c\000t\000o\000r}{section.12}% 11
\BOOKMARK [3][-]{section*.18}{\376\377\000P\000i\000x\000e\000l\000\040\000T\000r\000a\000c\000k\000e\000r\000s}{subsection.17}% 12
\BOOKMARK [3][-]{section*.19}{\376\377\000S\000t\000r\000i\000p\000\040\000T\000r\000a\000c\000k\000e\000r\000s}{subsection.17}% 13
\BOOKMARK [2][-]{subsection.20}{\376\377\000E\000l\000e\000c\000t\000r\000o\000m\000a\000g\000n\000e\000t\000i\000c\000\040\000C\000a\000l\000o\000r\000i\000m\000e\000t\000e\000r}{section.12}% 14
\BOOKMARK [2][-]{subsection.21}{\376\377\000H\000a\000d\000r\000o\000n\000\040\000C\000a\000l\000o\000r\000i\000m\000e\000t\000e\000r}{section.12}% 15
\BOOKMARK [2][-]{subsection.22}{\376\377\000M\000u\000o\000n\000\040\000D\000e\000t\000e\000c\000t\000o\000r}{section.12}% 16
\BOOKMARK [1][-]{section.23}{\376\377\000T\000h\000e\000\040\000t\000r\000i\000g\000g\000e\000r\000\040\000s\000y\000s\000t\000e\000m}{chapter.10}% 17
\BOOKMARK [0][-]{chapter.24}{\376\377\000A\000n\000a\000l\000y\000s\000i\000s\000\040\000S\000t\000r\000a\000t\000e\000g\000y}{}% 18
\BOOKMARK [1][-]{section.25}{\376\377\000D\000a\000t\000a\000\040\000a\000n\000d\000\040\000S\000i\000m\000u\000l\000a\000t\000e\000d\000\040\000S\000a\000m\000p\000l\000e\000s}{chapter.24}% 19
\BOOKMARK [1][-]{section.27}{\376\377\000M\000o\000n\000t\000e\000\040\000C\000a\000r\000l\000o\000\040\000S\000i\000m\000u\000l\000a\000t\000i\000o\000n}{chapter.24}% 20
\BOOKMARK [1][-]{section.32}{\376\377\000E\000v\000e\000n\000t\000\040\000R\000e\000c\000o\000n\000s\000t\000r\000u\000c\000t\000i\000o\000n\000\040\000a\000n\000d\000\040\000S\000e\000l\000e\000c\000t\000i\000o\000n}{chapter.24}% 21
\BOOKMARK [2][-]{subsection.34}{\376\377\000H\000i\000g\000g\000s\000\040\000J\000e\000t\000\040\000R\000e\000c\000o\000n\000s\000t\000r\000u\000c\000t\000i\000o\000n}{section.32}% 22
\BOOKMARK [2][-]{subsection.39}{\376\377\000H\000e\000a\000v\000y\000\040\000R\000e\000s\000o\000n\000a\000n\000c\000e\000\040\000S\000e\000l\000e\000t\000i\000o\000n}{section.32}% 23
\BOOKMARK [2][-]{subsection.42}{\376\377\000H\000i\000g\000g\000s\000\040\000T\000a\000g\000g\000i\000n\000g\000\040\000S\000e\000l\000e\000t\000i\000o\000n}{section.32}% 24
\BOOKMARK [1][-]{section.46}{\376\377\000T\000r\000i\000g\000g\000e\000r\000s}{chapter.24}% 25
\BOOKMARK [1][-]{section.51}{\376\377\000S\000i\000m\000u\000l\000a\000t\000i\000o\000n\000\040\000D\000i\000s\000t\000r\000i\000b\000u\000t\000i\000o\000n}{chapter.24}% 26
\BOOKMARK [1][-]{section.55}{\376\377\000D\000a\000t\000a\000\040\000a\000n\000d\000\040\000M\000o\000n\000t\000e\000\040\000C\000a\000r\000l\000o\000\040\000C\000o\000m\000p\000a\000r\000i\000s\000o\000n}{chapter.24}% 27
\BOOKMARK [0][-]{chapter.61}{\376\377\000B\000a\000c\000k\000g\000r\000o\000u\000n\000d\000\040\000E\000s\000t\000i\000m\000a\000t\000i\000o\000n}{}% 28
\BOOKMARK [1][-]{section.62}{\376\377\000B\000u\000m\000p\000\040\000H\000u\000n\000t}{chapter.61}% 29
\BOOKMARK [1][-]{section.64}{\376\377\000A\000l\000p\000h\000a\000b\000e\000t}{chapter.61}% 30
\BOOKMARK [1][-]{section.70}{\376\377\000A\000l\000p\000h\000a\000b\000e\000t\000\040\000A\000s\000s\000i\000s\000t\000e\000d\000\040\000B\000u\000m\000p\000\040\000H\000u\000n\000t}{chapter.61}% 31
